[ 2016-10-10T09:32:17+08:00 ]EXCEPTION: SQLSTATE[HY000] [1045] Access denied for user 'root'@'localhost' (using password: NO)
[ 2016-10-10T09:32:39+08:00 ]EXCEPTION: SQLSTATE[HY000] [1045] Access denied for user 'root'@'localhost' (using password: NO)
[ 2016-10-10T09:38:24+08:00 ]EXCEPTION: 模板不存在:/www/c69/app/home/view/entry/index.php
[ 2016-10-10T11:47:36+08:00 ]ERROR: 1
[ 2016-10-10T11:48:05+08:00 ]ERROR: 1
[ 2016-10-10T11:48:13+08:00 ]ERROR: 1
[ 2016-10-10T11:48:33+08:00 ]ERROR: 1
[ 2016-10-10T11:49:22+08:00 ]ERROR: 1
[ 2016-10-10T11:51:05+08:00 ]ERROR: 1
[ 2016-10-10T11:51:12+08:00 ]ERROR: 1
[ 2016-10-10T11:53:13+08:00 ]ERROR: 1
[ 2016-10-10T11:54:05+08:00 ]ERROR: 1
[ 2016-10-10T11:54:07+08:00 ]ERROR: 1
[ 2016-10-10T11:54:56+08:00 ]ERROR: 1
[ 2016-10-10T18:39:16+08:00 ]EXCEPTION: app\home\controller\Entry 不存在
[ 2016-10-10T18:40:50+08:00 ]EXCEPTION: app\home\controller\Entry 不存在
[ 2016-10-10T18:41:09+08:00 ]EXCEPTION: app\home\controller\Entry 不存在
[ 2016-10-10T18:41:20+08:00 ]EXCEPTION: app\home\controller\Entry 不存在
[ 2016-10-10T18:41:39+08:00 ]EXCEPTION: app\home\controller\Entry 不存在
[ 2016-10-10T18:42:11+08:00 ]EXCEPTION: show columns from hd_site_wechat ;BindParams:array (
)3D000;1046;No database selected
